<?xml version="1.0" encoding="UTF-8"?>
<testsuite xmlns:xsi="http://www.w3.org/2001/XMLSchema-instance" xsi:noNamespaceSchemaLocation="https://maven.apache.org/surefire/maven-surefire-plugin/xsd/surefire-test-report.xsd" version="3.0.2" name="TestSuite" time="9.092" tests="1" errors="0" skipped="0" failures="0">
  <properties>
    <property name="java.specification.version" value="17"/>
    <property name="webdriver.chrome.driver" value="/Users/prasadshimpi/.cache/selenium/chromedriver/mac-arm64/135.0.7049.114/chromedriver"/>
    <property name="sun.jnu.encoding" value="UTF-8"/>
    <property name="java.class.path" value="/Users/prasadshimpi/Automation/Projects/maven-jenkins/target/test-classes:/Users/prasadshimpi/Automation/Projects/maven-jenkins/target/classes:/Users/prasadshimpi/.m2/repository/org/seleniumhq/selenium/selenium-java/4.31.0/selenium-java-4.31.0.jar:/Users/prasadshimpi/.m2/repository/org/seleniumhq/selenium/selenium-api/4.31.0/selenium-api-4.31.0.jar:/Users/prasadshimpi/.m2/repository/org/jspecify/jspecify/1.0.0/jspecify-1.0.0.jar:/Users/prasadshimpi/.m2/repository/org/seleniumhq/selenium/selenium-chrome-driver/4.31.0/selenium-chrome-driver-4.31.0.jar:/Users/prasadshimpi/.m2/repository/com/google/auto/service/auto-service-annotations/1.1.1/auto-service-annotations-1.1.1.jar:/Users/prasadshimpi/.m2/repository/org/seleniumhq/selenium/selenium-chromium-driver/4.31.0/selenium-chromium-driver-4.31.0.jar:/Users/prasadshimpi/.m2/repository/org/seleniumhq/selenium/selenium-json/4.31.0/selenium-json-4.31.0.jar:/Users/prasadshimpi/.m2/repository/org/seleniumhq/selenium/selenium-manager/4.31.0/selenium-manager-4.31.0.jar:/Users/prasadshimpi/.m2/repository/org/seleniumhq/selenium/selenium-devtools-v133/4.31.0/selenium-devtools-v133-4.31.0.jar:/Users/prasadshimpi/.m2/repository/org/seleniumhq/selenium/selenium-devtools-v134/4.31.0/selenium-devtools-v134-4.31.0.jar:/Users/prasadshimpi/.m2/repository/org/seleniumhq/selenium/selenium-devtools-v135/4.31.0/selenium-devtools-v135-4.31.0.jar:/Users/prasadshimpi/.m2/repository/org/seleniumhq/selenium/selenium-edge-driver/4.31.0/selenium-edge-driver-4.31.0.jar:/Users/prasadshimpi/.m2/repository/org/seleniumhq/selenium/selenium-firefox-driver/4.31.0/selenium-firefox-driver-4.31.0.jar:/Users/prasadshimpi/.m2/repository/org/seleniumhq/selenium/selenium-http/4.31.0/selenium-http-4.31.0.jar:/Users/prasadshimpi/.m2/repository/org/seleniumhq/selenium/selenium-ie-driver/4.31.0/selenium-ie-driver-4.31.0.jar:/Users/prasadshimpi/.m2/repository/org/seleniumhq/selenium/selenium-remote-driver/4.31.0/selenium-remote-driver-4.31.0.jar:/Users/prasadshimpi/.m2/repository/com/google/guava/guava/33.4.6-jre/guava-33.4.6-jre.jar:/Users/prasadshimpi/.m2/repository/com/google/guava/failureaccess/1.0.3/failureaccess-1.0.3.jar:/Users/prasadshimpi/.m2/repository/com/google/guava/listenablefuture/9999.0-empty-to-avoid-conflict-with-guava/listenablefuture-9999.0-empty-to-avoid-conflict-with-guava.jar:/Users/prasadshimpi/.m2/repository/com/google/j2objc/j2objc-annotations/3.0.0/j2objc-annotations-3.0.0.jar:/Users/prasadshimpi/.m2/repository/io/opentelemetry/opentelemetry-api/1.48.0/opentelemetry-api-1.48.0.jar:/Users/prasadshimpi/.m2/repository/io/opentelemetry/opentelemetry-context/1.48.0/opentelemetry-context-1.48.0.jar:/Users/prasadshimpi/.m2/repository/io/opentelemetry/opentelemetry-exporter-logging/1.48.0/opentelemetry-exporter-logging-1.48.0.jar:/Users/prasadshimpi/.m2/repository/io/opentelemetry/opentelemetry-sdk-common/1.48.0/opentelemetry-sdk-common-1.48.0.jar:/Users/prasadshimpi/.m2/repository/io/opentelemetry/opentelemetry-sdk-extension-autoconfigure-spi/1.48.0/opentelemetry-sdk-extension-autoconfigure-spi-1.48.0.jar:/Users/prasadshimpi/.m2/repository/io/opentelemetry/opentelemetry-sdk-extension-autoconfigure/1.48.0/opentelemetry-sdk-extension-autoconfigure-1.48.0.jar:/Users/prasadshimpi/.m2/repository/io/opentelemetry/opentelemetry-sdk-trace/1.48.0/opentelemetry-sdk-trace-1.48.0.jar:/Users/prasadshimpi/.m2/repository/io/opentelemetry/opentelemetry-sdk/1.48.0/opentelemetry-sdk-1.48.0.jar:/Users/prasadshimpi/.m2/repository/io/opentelemetry/opentelemetry-sdk-metrics/1.48.0/opentelemetry-sdk-metrics-1.48.0.jar:/Users/prasadshimpi/.m2/repository/io/opentelemetry/opentelemetry-sdk-logs/1.48.0/opentelemetry-sdk-logs-1.48.0.jar:/Users/prasadshimpi/.m2/repository/net/bytebuddy/byte-buddy/1.17.5/byte-buddy-1.17.5.jar:/Users/prasadshimpi/.m2/repository/org/seleniumhq/selenium/selenium-os/4.31.0/selenium-os-4.31.0.jar:/Users/prasadshimpi/.m2/repository/org/apache/commons/commons-exec/1.4.0/commons-exec-1.4.0.jar:/Users/prasadshimpi/.m2/repository/org/seleniumhq/selenium/selenium-safari-driver/4.31.0/selenium-safari-driver-4.31.0.jar:/Users/prasadshimpi/.m2/repository/org/seleniumhq/selenium/selenium-support/4.31.0/selenium-support-4.31.0.jar:/Users/prasadshimpi/.m2/repository/org/testng/testng/7.11.0/testng-7.11.0.jar:/Users/prasadshimpi/.m2/repository/org/slf4j/slf4j-api/2.0.16/slf4j-api-2.0.16.jar:/Users/prasadshimpi/.m2/repository/org/jcommander/jcommander/1.83/jcommander-1.83.jar:/Users/prasadshimpi/.m2/repository/org/webjars/jquery/3.7.1/jquery-3.7.1.jar:/Users/prasadshimpi/.m2/repository/io/github/bonigarcia/webdrivermanager/6.1.0/webdrivermanager-6.1.0.jar:/Users/prasadshimpi/.m2/repository/com/google/code/gson/gson/2.13.0/gson-2.13.0.jar:/Users/prasadshimpi/.m2/repository/com/google/errorprone/error_prone_annotations/2.37.0/error_prone_annotations-2.37.0.jar:/Users/prasadshimpi/.m2/repository/com/github/docker-java/docker-java/3.5.0/docker-java-3.5.0.jar:/Users/prasadshimpi/.m2/repository/com/github/docker-java/docker-java-core/3.5.0/docker-java-core-3.5.0.jar:/Users/prasadshimpi/.m2/repository/com/github/docker-java/docker-java-api/3.5.0/docker-java-api-3.5.0.jar:/Users/prasadshimpi/.m2/repository/com/fasterxml/jackson/core/jackson-annotations/2.18.3/jackson-annotations-2.18.3.jar:/Users/prasadshimpi/.m2/repository/com/fasterxml/jackson/core/jackson-databind/2.18.3/jackson-databind-2.18.3.jar:/Users/prasadshimpi/.m2/repository/com/fasterxml/jackson/core/jackson-core/2.18.3/jackson-core-2.18.3.jar:/Users/prasadshimpi/.m2/repository/org/slf4j/jcl-over-slf4j/1.7.30/jcl-over-slf4j-1.7.30.jar:/Users/prasadshimpi/.m2/repository/com/github/docker-java/docker-java-transport-httpclient5/3.5.0/docker-java-transport-httpclient5-3.5.0.jar:/Users/prasadshimpi/.m2/repository/com/github/docker-java/docker-java-transport/3.5.0/docker-java-transport-3.5.0.jar:/Users/prasadshimpi/.m2/repository/net/java/dev/jna/jna/5.17.0/jna-5.17.0.jar:/Users/prasadshimpi/.m2/repository/org/brotli/dec/0.1.2/dec-0.1.2.jar:/Users/prasadshimpi/.m2/repository/org/apache/commons/commons-lang3/3.17.0/commons-lang3-3.17.0.jar:/Users/prasadshimpi/.m2/repository/org/apache/commons/commons-compress/1.27.1/commons-compress-1.27.1.jar:/Users/prasadshimpi/.m2/repository/commons-codec/commons-codec/1.17.1/commons-codec-1.17.1.jar:/Users/prasadshimpi/.m2/repository/commons-io/commons-io/2.16.1/commons-io-2.16.1.jar:/Users/prasadshimpi/.m2/repository/org/apache/httpcomponents/client5/httpclient5/5.4.3/httpclient5-5.4.3.jar:/Users/prasadshimpi/.m2/repository/org/apache/httpcomponents/core5/httpcore5/5.3.4/httpcore5-5.3.4.jar:/Users/prasadshimpi/.m2/repository/org/apache/httpcomponents/core5/httpcore5-h2/5.3.4/httpcore5-h2-5.3.4.jar:/Users/prasadshimpi/.m2/repository/net/java/dev/jna/jna-platform/5.13.0/jna-platform-5.13.0.jar:"/>
    <property name="java.vm.vendor" value="Oracle Corporation"/>
    <property name="sun.arch.data.model" value="64"/>
    <property name="java.vendor.url" value="https://java.oracle.com/"/>
    <property name="user.timezone" value="Asia/Kolkata"/>
    <property name="os.name" value="Mac OS X"/>
    <property name="java.vm.specification.version" value="17"/>
    <property name="sun.java.launcher" value="SUN_STANDARD"/>
    <property name="user.country" value="IN"/>
    <property name="sun.boot.library.path" value="/Library/Java/JavaVirtualMachines/jdk-17.jdk/Contents/Home/lib"/>
    <property name="sun.java.command" value="/Users/prasadshimpi/Automation/Projects/maven-jenkins/target/surefire/surefirebooter-20250429144755550_3.jar /Users/prasadshimpi/Automation/Projects/maven-jenkins/target/surefire 2025-04-29T14-47-55_506-jvmRun1 surefire-20250429144755550_1tmp surefire_0-20250429144755550_2tmp"/>
    <property name="http.nonProxyHosts" value="local|*.local|169.254/16|*.169.254/16"/>
    <property name="jdk.debug" value="release"/>
    <property name="surefire.test.class.path" value="/Users/prasadshimpi/Automation/Projects/maven-jenkins/target/test-classes:/Users/prasadshimpi/Automation/Projects/maven-jenkins/target/classes:/Users/prasadshimpi/.m2/repository/org/seleniumhq/selenium/selenium-java/4.31.0/selenium-java-4.31.0.jar:/Users/prasadshimpi/.m2/repository/org/seleniumhq/selenium/selenium-api/4.31.0/selenium-api-4.31.0.jar:/Users/prasadshimpi/.m2/repository/org/jspecify/jspecify/1.0.0/jspecify-1.0.0.jar:/Users/prasadshimpi/.m2/repository/org/seleniumhq/selenium/selenium-chrome-driver/4.31.0/selenium-chrome-driver-4.31.0.jar:/Users/prasadshimpi/.m2/repository/com/google/auto/service/auto-service-annotations/1.1.1/auto-service-annotations-1.1.1.jar:/Users/prasadshimpi/.m2/repository/org/seleniumhq/selenium/selenium-chromium-driver/4.31.0/selenium-chromium-driver-4.31.0.jar:/Users/prasadshimpi/.m2/repository/org/seleniumhq/selenium/selenium-json/4.31.0/selenium-json-4.31.0.jar:/Users/prasadshimpi/.m2/repository/org/seleniumhq/selenium/selenium-manager/4.31.0/selenium-manager-4.31.0.jar:/Users/prasadshimpi/.m2/repository/org/seleniumhq/selenium/selenium-devtools-v133/4.31.0/selenium-devtools-v133-4.31.0.jar:/Users/prasadshimpi/.m2/repository/org/seleniumhq/selenium/selenium-devtools-v134/4.31.0/selenium-devtools-v134-4.31.0.jar:/Users/prasadshimpi/.m2/repository/org/seleniumhq/selenium/selenium-devtools-v135/4.31.0/selenium-devtools-v135-4.31.0.jar:/Users/prasadshimpi/.m2/repository/org/seleniumhq/selenium/selenium-edge-driver/4.31.0/selenium-edge-driver-4.31.0.jar:/Users/prasadshimpi/.m2/repository/org/seleniumhq/selenium/selenium-firefox-driver/4.31.0/selenium-firefox-driver-4.31.0.jar:/Users/prasadshimpi/.m2/repository/org/seleniumhq/selenium/selenium-http/4.31.0/selenium-http-4.31.0.jar:/Users/prasadshimpi/.m2/repository/org/seleniumhq/selenium/selenium-ie-driver/4.31.0/selenium-ie-driver-4.31.0.jar:/Users/prasadshimpi/.m2/repository/org/seleniumhq/selenium/selenium-remote-driver/4.31.0/selenium-remote-driver-4.31.0.jar:/Users/prasadshimpi/.m2/repository/com/google/guava/guava/33.4.6-jre/guava-33.4.6-jre.jar:/Users/prasadshimpi/.m2/repository/com/google/guava/failureaccess/1.0.3/failureaccess-1.0.3.jar:/Users/prasadshimpi/.m2/repository/com/google/guava/listenablefuture/9999.0-empty-to-avoid-conflict-with-guava/listenablefuture-9999.0-empty-to-avoid-conflict-with-guava.jar:/Users/prasadshimpi/.m2/repository/com/google/j2objc/j2objc-annotations/3.0.0/j2objc-annotations-3.0.0.jar:/Users/prasadshimpi/.m2/repository/io/opentelemetry/opentelemetry-api/1.48.0/opentelemetry-api-1.48.0.jar:/Users/prasadshimpi/.m2/repository/io/opentelemetry/opentelemetry-context/1.48.0/opentelemetry-context-1.48.0.jar:/Users/prasadshimpi/.m2/repository/io/opentelemetry/opentelemetry-exporter-logging/1.48.0/opentelemetry-exporter-logging-1.48.0.jar:/Users/prasadshimpi/.m2/repository/io/opentelemetry/opentelemetry-sdk-common/1.48.0/opentelemetry-sdk-common-1.48.0.jar:/Users/prasadshimpi/.m2/repository/io/opentelemetry/opentelemetry-sdk-extension-autoconfigure-spi/1.48.0/opentelemetry-sdk-extension-autoconfigure-spi-1.48.0.jar:/Users/prasadshimpi/.m2/repository/io/opentelemetry/opentelemetry-sdk-extension-autoconfigure/1.48.0/opentelemetry-sdk-extension-autoconfigure-1.48.0.jar:/Users/prasadshimpi/.m2/repository/io/opentelemetry/opentelemetry-sdk-trace/1.48.0/opentelemetry-sdk-trace-1.48.0.jar:/Users/prasadshimpi/.m2/repository/io/opentelemetry/opentelemetry-sdk/1.48.0/opentelemetry-sdk-1.48.0.jar:/Users/prasadshimpi/.m2/repository/io/opentelemetry/opentelemetry-sdk-metrics/1.48.0/opentelemetry-sdk-metrics-1.48.0.jar:/Users/prasadshimpi/.m2/repository/io/opentelemetry/opentelemetry-sdk-logs/1.48.0/opentelemetry-sdk-logs-1.48.0.jar:/Users/prasadshimpi/.m2/repository/net/bytebuddy/byte-buddy/1.17.5/byte-buddy-1.17.5.jar:/Users/prasadshimpi/.m2/repository/org/seleniumhq/selenium/selenium-os/4.31.0/selenium-os-4.31.0.jar:/Users/prasadshimpi/.m2/repository/org/apache/commons/commons-exec/1.4.0/commons-exec-1.4.0.jar:/Users/prasadshimpi/.m2/repository/org/seleniumhq/selenium/selenium-safari-driver/4.31.0/selenium-safari-driver-4.31.0.jar:/Users/prasadshimpi/.m2/repository/org/seleniumhq/selenium/selenium-support/4.31.0/selenium-support-4.31.0.jar:/Users/prasadshimpi/.m2/repository/org/testng/testng/7.11.0/testng-7.11.0.jar:/Users/prasadshimpi/.m2/repository/org/slf4j/slf4j-api/2.0.16/slf4j-api-2.0.16.jar:/Users/prasadshimpi/.m2/repository/org/jcommander/jcommander/1.83/jcommander-1.83.jar:/Users/prasadshimpi/.m2/repository/org/webjars/jquery/3.7.1/jquery-3.7.1.jar:/Users/prasadshimpi/.m2/repository/io/github/bonigarcia/webdrivermanager/6.1.0/webdrivermanager-6.1.0.jar:/Users/prasadshimpi/.m2/repository/com/google/code/gson/gson/2.13.0/gson-2.13.0.jar:/Users/prasadshimpi/.m2/repository/com/google/errorprone/error_prone_annotations/2.37.0/error_prone_annotations-2.37.0.jar:/Users/prasadshimpi/.m2/repository/com/github/docker-java/docker-java/3.5.0/docker-java-3.5.0.jar:/Users/prasadshimpi/.m2/repository/com/github/docker-java/docker-java-core/3.5.0/docker-java-core-3.5.0.jar:/Users/prasadshimpi/.m2/repository/com/github/docker-java/docker-java-api/3.5.0/docker-java-api-3.5.0.jar:/Users/prasadshimpi/.m2/repository/com/fasterxml/jackson/core/jackson-annotations/2.18.3/jackson-annotations-2.18.3.jar:/Users/prasadshimpi/.m2/repository/com/fasterxml/jackson/core/jackson-databind/2.18.3/jackson-databind-2.18.3.jar:/Users/prasadshimpi/.m2/repository/com/fasterxml/jackson/core/jackson-core/2.18.3/jackson-core-2.18.3.jar:/Users/prasadshimpi/.m2/repository/org/slf4j/jcl-over-slf4j/1.7.30/jcl-over-slf4j-1.7.30.jar:/Users/prasadshimpi/.m2/repository/com/github/docker-java/docker-java-transport-httpclient5/3.5.0/docker-java-transport-httpclient5-3.5.0.jar:/Users/prasadshimpi/.m2/repository/com/github/docker-java/docker-java-transport/3.5.0/docker-java-transport-3.5.0.jar:/Users/prasadshimpi/.m2/repository/net/java/dev/jna/jna/5.17.0/jna-5.17.0.jar:/Users/prasadshimpi/.m2/repository/org/brotli/dec/0.1.2/dec-0.1.2.jar:/Users/prasadshimpi/.m2/repository/org/apache/commons/commons-lang3/3.17.0/commons-lang3-3.17.0.jar:/Users/prasadshimpi/.m2/repository/org/apache/commons/commons-compress/1.27.1/commons-compress-1.27.1.jar:/Users/prasadshimpi/.m2/repository/commons-codec/commons-codec/1.17.1/commons-codec-1.17.1.jar:/Users/prasadshimpi/.m2/repository/commons-io/commons-io/2.16.1/commons-io-2.16.1.jar:/Users/prasadshimpi/.m2/repository/org/apache/httpcomponents/client5/httpclient5/5.4.3/httpclient5-5.4.3.jar:/Users/prasadshimpi/.m2/repository/org/apache/httpcomponents/core5/httpcore5/5.3.4/httpcore5-5.3.4.jar:/Users/prasadshimpi/.m2/repository/org/apache/httpcomponents/core5/httpcore5-h2/5.3.4/httpcore5-h2-5.3.4.jar:/Users/prasadshimpi/.m2/repository/net/java/dev/jna/jna-platform/5.13.0/jna-platform-5.13.0.jar:"/>
    <property name="sun.cpu.endian" value="little"/>
    <property name="user.home" value="/Users/prasadshimpi"/>
    <property name="user.language" value="en"/>
    <property name="java.specification.vendor" value="Oracle Corporation"/>
    <property name="java.version.date" value="2024-07-16"/>
    <property name="java.home" value="/Library/Java/JavaVirtualMachines/jdk-17.jdk/Contents/Home"/>
    <property name="file.separator" value="/"/>
    <property name="basedir" value="/Users/prasadshimpi/Automation/Projects/maven-jenkins"/>
    <property name="java.vm.compressedOopsMode" value="Zero based"/>
    <property name="line.separator" value="&#10;"/>
    <property name="java.vm.specification.vendor" value="Oracle Corporation"/>
    <property name="java.specification.name" value="Java Platform API Specification"/>
    <property name="surefire.real.class.path" value="/Users/prasadshimpi/Automation/Projects/maven-jenkins/target/surefire/surefirebooter-20250429144755550_3.jar"/>
    <property name="Browser" value="chrome"/>
    <property name="sun.management.compiler" value="HotSpot 64-Bit Tiered Compilers"/>
    <property name="ftp.nonProxyHosts" value="local|*.local|169.254/16|*.169.254/16"/>
    <property name="java.runtime.version" value="17.0.12+8-LTS-286"/>
    <property name="user.name" value="prasadshimpi"/>
    <property name="path.separator" value=":"/>
    <property name="os.version" value="15.4.1"/>
    <property name="java.runtime.name" value="Java(TM) SE Runtime Environment"/>
    <property name="file.encoding" value="UTF-8"/>
    <property name="browser" value="chrome"/>
    <property name="java.vm.name" value="Java HotSpot(TM) 64-Bit Server VM"/>
    <property name="localRepository" value="/Users/prasadshimpi/.m2/repository"/>
    <property name="java.vendor.url.bug" value="https://bugreport.java.com/bugreport/"/>
    <property name="java.io.tmpdir" value="/var/folders/cn/ncrycxz573qc2z88kfdkk2p80000gp/T/"/>
    <property name="java.version" value="17.0.12"/>
    <property name="user.dir" value="/Users/prasadshimpi/Automation/Projects/maven-jenkins"/>
    <property name="os.arch" value="aarch64"/>
    <property name="java.vm.specification.name" value="Java Virtual Machine Specification"/>
    <property name="native.encoding" value="UTF-8"/>
    <property name="java.library.path" value="/Users/prasadshimpi/Library/Java/Extensions:/Library/Java/Extensions:/Network/Library/Java/Extensions:/System/Library/Java/Extensions:/usr/lib/java:."/>
    <property name="java.vm.info" value="mixed mode, sharing"/>
    <property name="java.vendor" value="Oracle Corporation"/>
    <property name="java.vm.version" value="17.0.12+8-LTS-286"/>
    <property name="sun.io.unicode.encoding" value="UnicodeBig"/>
    <property name="socksNonProxyHosts" value="local|*.local|169.254/16|*.169.254/16"/>
    <property name="java.class.version" value="61.0"/>
  </properties>
  <testcase name="sampleUITest[chrome](1)" classname="mavenforjenkins.UITest" time="8.916">
    <system-out><![CDATA[Parameter value is : chrome
Test Complete
]]></system-out>
    <system-err><![CDATA[SLF4J(W): No SLF4J providers were found.
SLF4J(W): Defaulting to no-operation (NOP) logger implementation
SLF4J(W): See https://www.slf4j.org/codes.html#noProviders for further details.
]]></system-err>
  </testcase>
</testsuite>