<?xml version="1.0" encoding="UTF-8"?>
<!-- Generated by org.testng.reporters.JUnitReportReporter -->
<testsuite hostname="MacBook-Air-LAP-149.local" failures="0" tests="1" name="mavenforjenkins.UITest" time="8.912" errors="0" timestamp="2025-04-29T14:48:04 IST" skipped="0">
  <testcase classname="mavenforjenkins.UITest" name="sampleUITest" time="8.912"/>
</testsuite> <!-- mavenforjenkins.UITest -->
